TN:
SF:src/domain/modules/eventStatus/repositories/spy/LoadLastEventRepositorySpy.ts
FN:3,LoadLastEventRepositorySpy
FN:8,setEndDateAfterNow
FN:15,setEndDateEqualToNow
FN:22,setEndDateBeforeNow
FN:29,setEndDateBeforeReviewDate
FN:39,setEndDateAfterReviewDate
FN:49,loadLastEvent
FNF:7
FNH:6
FNDA:8,LoadLastEventRepositorySpy
FNDA:2,setEndDateAfterNow
FNDA:1,setEndDateEqualToNow
FNDA:0,setEndDateBeforeNow
FNDA:2,setEndDateBeforeReviewDate
FNDA:1,setEndDateAfterReviewDate
FNDA:8,loadLastEvent
DA:1,1
DA:2,1
DA:3,8
DA:4,8
DA:5,8
DA:6,8
DA:7,8
DA:8,8
DA:9,2
DA:10,2
DA:11,2
DA:12,2
DA:13,2
DA:14,8
DA:15,8
DA:16,1
DA:17,1
DA:18,1
DA:19,1
DA:20,1
DA:21,8
DA:22,8
DA:23,0
DA:24,0
DA:25,0
DA:26,0
DA:27,0
DA:28,8
DA:29,8
DA:30,2
DA:31,2
DA:32,2
DA:33,2
DA:34,2
DA:35,2
DA:36,2
DA:37,2
DA:38,8
DA:39,8
DA:40,1
DA:41,1
DA:42,1
DA:43,1
DA:44,1
DA:45,1
DA:46,1
DA:47,1
DA:48,8
DA:49,8
DA:50,8
DA:51,8
DA:52,8
DA:53,8
DA:54,8
DA:55,8
DA:56,1
DA:57,1
LF:57
LH:52
BRDA:3,0,0,8
BRDA:8,1,0,2
BRDA:15,2,0,1
BRDA:29,3,0,2
BRDA:39,4,0,1
BRDA:49,5,0,8
BRF:6
BRH:6
end_of_record
TN:
SF:src/domain/modules/eventStatus/useCase/CheckLastEventStatus.ts
FN:5,CheckLastEventStatus
FN:9,perform
FNF:2
FNH:2
FNDA:8,CheckLastEventStatus
FNDA:8,perform
DA:1,1
DA:2,1
DA:3,1
DA:4,1
DA:5,1
DA:6,8
DA:7,8
DA:8,1
DA:9,1
DA:10,8
DA:11,8
DA:12,8
DA:13,1
DA:14,1
DA:15,1
LF:15
LH:15
BRDA:5,0,0,8
BRDA:9,1,0,8
BRF:2
BRH:2
end_of_record
TN:
SF:src/domain/modules/eventStatus/useCase/EventStatus.ts
FN:4,EventStatus
FNF:1
FNH:1
FNDA:8,EventStatus
DA:1,1
DA:2,1
DA:3,1
DA:4,1
DA:5,8
DA:6,2
DA:7,2
DA:8,2
DA:9,6
DA:10,6
DA:11,6
DA:12,8
DA:13,3
DA:14,3
DA:15,3
DA:16,3
DA:17,3
DA:18,3
DA:19,3
DA:20,3
DA:21,8
DA:22,8
DA:23,1
DA:24,1
DA:25,1
LF:25
LH:25
BRDA:4,0,0,8
BRDA:5,1,0,2
BRDA:8,2,0,6
BRDA:12,3,0,3
BRDA:21,4,0,2
BRDA:21,5,0,1
BRF:6
BRH:6
end_of_record
TN:
SF:src/infra/factory/makeSut.ts
FN:9,makeSut
FNF:1
FNH:1
FNDA:8,makeSut
DA:1,1
DA:2,1
DA:3,1
DA:4,1
DA:5,1
DA:6,1
DA:7,1
DA:8,1
DA:9,1
DA:10,8
DA:11,8
DA:12,8
DA:13,8
DA:14,8
LF:14
LH:14
BRDA:9,0,0,8
BRF:1
BRH:1
end_of_record
